{
  "RSpec": {
    "coverage": {
      "/app/app/helpers/application_helper.rb": {
        "lines": [
          1,
          null
        ]
      },
      "/app/app/helpers/reactions_helper.rb": {
        "lines": [
          1,
          null,
          1,
          null,
          null,
          null,
          null,
          null,
          null,
          null,
          1,
          0,
          null,
          null
        ]
      },
      "/app/app/lib/clean_arch/domains/community_domain/entities/community_entity.rb": {
        "lines": [
          1,
          1,
          1,
          1,
          1,
          1,
          null,
          1,
          28,
          28,
          28,
          28,
          28,
          28,
          null,
          null,
          1,
          7,
          6,
          null,
          null,
          1,
          22,
          null,
          null,
          1,
          23,
          null,
          null,
          1,
          0,
          null,
          null,
          null,
          null,
          null,
          null
        ]
      },
      "/app/app/lib/clean_arch/domains/community_domain/use_cases/create_community.rb": {
        "lines": [
          1,
          1,
          1,
          1,
          1,
          1,
          8,
          null,
          null,
          1,
          null,
          8,
          null,
          2,
          null,
          null,
          6,
          null,
          4,
          null,
          null,
          null,
          null,
          null,
          4,
          null,
          null,
          null,
          null,
          null,
          null
        ]
      },
      "/app/app/lib/clean_arch/domains/community_domain/use_cases/list_communities.rb": {
        "lines": [
          1,
          1,
          1,
          1,
          1,
          1,
          5,
          null,
          null,
          1,
          11,
          null,
          null,
          1,
          1,
          null,
          1,
          null,
          1,
          null,
          1,
          null,
          null,
          null,
          null,
          null,
          null
        ]
      },
      "/app/app/lib/clean_arch/domains/community_domain/use_cases/search_communities.rb": {
        "lines": [
          1,
          1,
          1,
          1,
          1,
          1,
          5,
          null,
          null,
          1,
          5,
          null,
          5,
          null,
          6,
          null,
          null,
          null,
          null,
          null,
          null
        ]
      },
      "/app/app/lib/clean_arch/domains/community_domain/use_cases/update_community.rb": {
        "lines": [
          1,
          1,
          1,
          1,
          1,
          1,
          6,
          null,
          null,
          1,
          6,
          null,
          6,
          null,
          4,
          3,
          null,
          null,
          3,
          null,
          null,
          null,
          null,
          3,
          null,
          3,
          null,
          null,
          null,
          null,
          null,
          null
        ]
      },
      "/app/app/lib/clean_arch/domains/community_domain/value_objects/community_description.rb": {
        "lines": [
          1,
          1,
          1,
          1,
          1,
          1,
          null,
          1,
          null,
          1,
          35,
          34,
          null,
          null,
          1,
          0,
          null,
          null,
          1,
          23,
          null,
          null,
          1,
          null,
          1,
          35,
          25,
          null,
          null,
          null,
          null,
          null,
          null
        ]
      },
      "/app/app/lib/clean_arch/domains/community_domain/value_objects/community_name.rb": {
        "lines": [
          1,
          1,
          1,
          1,
          1,
          1,
          1,
          1,
          null,
          1,
          null,
          1,
          51,
          44,
          null,
          null,
          1,
          2,
          null,
          null,
          1,
          22,
          null,
          null,
          1,
          null,
          1,
          51,
          50,
          46,
          45,
          null,
          null,
          null,
          null,
          null,
          null
        ]
      },
      "/app/app/lib/clean_arch/domains/community_member_domain/entities/community_member_entity.rb": {
        "lines": [
          1,
          1,
          1,
          1,
          1,
          1,
          null,
          1,
          41,
          41,
          41,
          41,
          41,
          null,
          null,
          1,
          7,
          6,
          null,
          null,
          1,
          6,
          5,
          null,
          null,
          1,
          11,
          9,
          null,
          null,
          1,
          29,
          null,
          null,
          1,
          3,
          null,
          null,
          1,
          30,
          null,
          null,
          1,
          0,
          null,
          null,
          null,
          null,
          null,
          null
        ]
      },
      "/app/app/lib/clean_arch/domains/community_member_domain/use_cases/ban_member.rb": {
        "lines": [
          1,
          1,
          1,
          1,
          1,
          1,
          5,
          null,
          null,
          1,
          5,
          null,
          null,
          null,
          null,
          5,
          null,
          4,
          null,
          3,
          null,
          3,
          null,
          null,
          null,
          null,
          null,
          null
        ]
      },
      "/app/app/lib/clean_arch/domains/community_member_domain/use_cases/demote_member.rb": {
        "lines": [
          1,
          1,
          1,
          1,
          1,
          1,
          5,
          null,
          null,
          1,
          5,
          null,
          null,
          null,
          null,
          5,
          null,
          4,
          null,
          3,
          null,
          3,
          null,
          null,
          null,
          null,
          null,
          null
        ]
      },
      "/app/app/lib/clean_arch/domains/community_member_domain/use_cases/join_community.rb": {
        "lines": [
          1,
          1,
          1,
          1,
          1,
          1,
          6,
          null,
          null,
          1,
          6,
          null,
          null,
          null,
          null,
          4,
          null,
          null,
          null,
          null,
          4,
          null,
          null,
          null,
          null,
          null,
          null
        ]
      },
      "/app/app/lib/clean_arch/domains/community_member_domain/use_cases/leave_community.rb": {
        "lines": [
          1,
          1,
          1,
          1,
          1,
          1,
          4,
          null,
          null,
          1,
          4,
          null,
          null,
          null,
          null,
          4,
          3,
          null,
          2,
          null,
          null,
          null,
          null,
          2,
          null,
          null,
          null,
          null,
          null,
          null
        ]
      },
      "/app/app/lib/clean_arch/domains/community_member_domain/use_cases/list_community_members.rb": {
        "lines": [
          1,
          1,
          1,
          1,
          1,
          1,
          5,
          null,
          null,
          1,
          5,
          null,
          4,
          null,
          11,
          null,
          null,
          null,
          null,
          null,
          null
        ]
      },
      "/app/app/lib/clean_arch/domains/community_member_domain/use_cases/promote_member.rb": {
        "lines": [
          1,
          1,
          1,
          1,
          1,
          1,
          5,
          null,
          null,
          1,
          5,
          null,
          null,
          null,
          null,
          5,
          null,
          4,
          null,
          3,
          null,
          3,
          null,
          null,
          null,
          null,
          null,
          null
        ]
      },
      "/app/app/lib/clean_arch/domains/community_member_domain/value_objects/member_role.rb": {
        "lines": [
          1,
          1,
          1,
          1,
          1,
          1,
          1,
          1,
          null,
          1,
          null,
          1,
          86,
          84,
          null,
          null,
          1,
          10,
          7,
          null,
          null,
          1,
          9,
          6,
          null,
          null,
          1,
          29,
          null,
          null,
          1,
          5,
          null,
          null,
          1,
          7,
          null,
          null,
          1,
          0,
          null,
          null,
          1,
          7,
          null,
          null,
          1,
          2,
          null,
          null,
          1,
          30,
          null,
          null,
          1,
          null,
          1,
          86,
          85,
          null,
          null,
          null,
          null,
          null,
          null
        ]
      },
      "/app/app/lib/clean_arch/domains/message_domain/entities/message_entity.rb": {
        "lines": [
          1,
          1,
          1,
          1,
          1,
          1,
          null,
          null,
          1,
          null,
          90,
          90,
          90,
          90,
          90,
          90,
          89,
          88,
          88,
          null,
          null,
          1,
          14,
          null,
          null,
          1,
          2,
          null,
          null,
          1,
          6,
          null,
          null,
          1,
          70,
          null,
          null,
          1,
          65,
          null,
          null,
          1,
          68,
          null,
          null,
          1,
          0,
          null,
          null,
          null,
          null,
          null,
          null
        ]
      },
      "/app/app/lib/clean_arch/domains/message_domain/use_cases/analyze_message_sentiment.rb": {
        "lines": [
          1,
          1,
          1,
          1,
          1,
          1,
          7,
          7,
          null,
          null,
          1,
          7,
          null,
          6,
          null,
          6,
          null,
          null,
          5,
          null,
          1,
          null,
          null,
          4,
          null,
          3,
          null,
          3,
          null,
          null,
          null,
          null,
          null,
          null
        ]
      },
      "/app/app/lib/clean_arch/domains/message_domain/use_cases/delete_message.rb": {
        "lines": [
          1,
          1,
          1,
          1,
          1,
          1,
          6,
          null,
          null,
          1,
          6,
          null,
          5,
          null,
          5,
          4,
          null,
          2,
          null,
          2,
          null,
          null,
          null,
          null,
          null,
          null
        ]
      },
      "/app/app/lib/clean_arch/domains/message_domain/use_cases/list_community_messages.rb": {
        "lines": [
          1,
          1,
          1,
          1,
          1,
          1,
          13,
          null,
          null,
          1,
          9,
          null,
          8,
          null,
          20,
          null,
          null,
          1,
          4,
          null,
          14,
          null,
          null,
          null,
          null,
          null,
          null
        ]
      },
      "/app/app/lib/clean_arch/domains/message_domain/use_cases/list_message_replies.rb": {
        "lines": [
          1,
          1,
          1,
          1,
          1,
          1,
          7,
          null,
          null,
          1,
          7,
          null,
          6,
          null,
          6,
          5,
          null,
          4,
          4,
          null,
          7,
          null,
          4,
          null,
          null,
          null,
          null,
          null,
          null,
          null,
          null,
          null
        ]
      },
      "/app/app/lib/clean_arch/domains/message_domain/use_cases/post_message.rb": {
        "lines": [
          1,
          1,
          1,
          1,
          1,
          1,
          4,
          null,
          null,
          1,
          4,
          null,
          null,
          null,
          null,
          null,
          null,
          4,
          null,
          null,
          null,
          null,
          null,
          null
        ]
      },
      "/app/app/lib/clean_arch/domains/message_domain/use_cases/reply_to_message.rb": {
        "lines": [
          1,
          1,
          1,
          1,
          1,
          1,
          6,
          null,
          null,
          1,
          6,
          null,
          6,
          5,
          null,
          3,
          null,
          null,
          null,
          null,
          null,
          null,
          null,
          3,
          null,
          null,
          null,
          null,
          null,
          null
        ]
      },
      "/app/app/lib/clean_arch/domains/message_domain/value_objects/message_content.rb": {
        "lines": [
          1,
          1,
          1,
          1,
          1,
          1,
          null,
          1,
          null,
          1,
          98,
          95,
          null,
          null,
          1,
          2,
          null,
          null,
          1,
          70,
          null,
          null,
          1,
          null,
          1,
          98,
          97,
          null,
          null,
          null,
          null,
          null,
          null
        ]
      },
      "/app/app/lib/clean_arch/domains/message_domain/value_objects/sentiment_score.rb": {
        "lines": [
          1,
          1,
          1,
          1,
          1,
          1,
          1,
          null,
          1,
          null,
          1,
          20,
          15,
          null,
          null,
          1,
          2,
          null,
          null,
          1,
          2,
          null,
          null,
          1,
          2,
          null,
          null,
          1,
          0,
          null,
          null,
          1,
          0,
          null,
          null,
          1,
          null,
          1,
          20,
          19,
          null,
          null,
          null,
          null,
          null,
          null
        ]
      },
      "/app/app/lib/clean_arch/domains/reaction_domain/entities/reaction_entity.rb": {
        "lines": [
          1,
          1,
          1,
          1,
          1,
          1,
          null,
          1,
          30,
          30,
          30,
          30,
          29,
          null,
          null,
          1,
          3,
          null,
          null,
          1,
          15,
          null,
          null,
          1,
          2,
          null,
          null,
          null,
          null,
          null,
          null
        ]
      },
      "/app/app/lib/clean_arch/domains/reaction_domain/use_cases/add_reaction.rb": {
        "lines": [
          1,
          1,
          1,
          1,
          1,
          1,
          15,
          null,
          null,
          1,
          null,
          4,
          null,
          0,
          null,
          null,
          4,
          null,
          null,
          null,
          null,
          null,
          3,
          null,
          null,
          null,
          null,
          null,
          3,
          null,
          null,
          1,
          null,
          11,
          null,
          1,
          null,
          null,
          null,
          10,
          null,
          null,
          null,
          null,
          null,
          null,
          7,
          null,
          7,
          null,
          null,
          null,
          null,
          null,
          null,
          null,
          null,
          null
        ]
      },
      "/app/app/lib/clean_arch/domains/reaction_domain/use_cases/list_message_reactions.rb": {
        "lines": [
          1,
          1,
          1,
          1,
          1,
          1,
          6,
          null,
          null,
          1,
          6,
          null,
          5,
          null,
          11,
          null,
          null,
          null,
          null,
          null,
          null
        ]
      },
      "/app/app/lib/clean_arch/domains/reaction_domain/use_cases/remove_reaction.rb": {
        "lines": [
          1,
          1,
          1,
          1,
          1,
          1,
          5,
          null,
          null,
          1,
          5,
          null,
          5,
          null,
          null,
          null,
          null,
          null,
          3,
          null,
          null,
          null,
          null,
          null,
          3,
          null,
          null,
          null,
          null,
          null,
          null
        ]
      },
      "/app/app/lib/clean_arch/domains/reaction_domain/value_objects/reaction_type.rb": {
        "lines": [
          1,
          1,
          1,
          1,
          1,
          1,
          null,
          1,
          null,
          1,
          66,
          61,
          null,
          null,
          1,
          6,
          null,
          null,
          1,
          2,
          null,
          null,
          1,
          16,
          null,
          null,
          1,
          null,
          1,
          66,
          65,
          null,
          null,
          null,
          null,
          null,
          null
        ]
      },
      "/app/app/lib/clean_arch/domains/user_domain/entities/user_entity.rb": {
        "lines": [
          1,
          1,
          1,
          1,
          1,
          1,
          null,
          1,
          33,
          33,
          31,
          31,
          null,
          null,
          1,
          7,
          6,
          null,
          null,
          1,
          43,
          null,
          null,
          1,
          0,
          null,
          null,
          null,
          null,
          null,
          null
        ]
      },
      "/app/app/lib/clean_arch/domains/user_domain/use_cases/authenticate_user.rb": {
        "lines": [
          1,
          1,
          1,
          1,
          1,
          1,
          8,
          null,
          null,
          1,
          null,
          8,
          null,
          0,
          null,
          null,
          8,
          null,
          8,
          6,
          null,
          5,
          null,
          null,
          null,
          null,
          null,
          null
        ]
      },
      "/app/app/lib/clean_arch/domains/user_domain/use_cases/deactivate_user.rb": {
        "lines": [
          1,
          1,
          1,
          1,
          1,
          1,
          5,
          null,
          null,
          1,
          5,
          null,
          5,
          null,
          3,
          null,
          3,
          null,
          3,
          null,
          null,
          null,
          null,
          null,
          null
        ]
      },
      "/app/app/lib/clean_arch/domains/user_domain/use_cases/register_user.rb": {
        "lines": [
          1,
          1,
          1,
          1,
          1,
          1,
          6,
          null,
          null,
          1,
          null,
          6,
          null,
          1,
          null,
          null,
          5,
          null,
          3,
          null,
          3,
          null,
          null,
          null,
          null,
          null,
          null
        ]
      },
      "/app/app/lib/clean_arch/domains/user_domain/value_objects/username.rb": {
        "lines": [
          1,
          1,
          1,
          1,
          1,
          1,
          1,
          1,
          null,
          1,
          null,
          1,
          53,
          46,
          null,
          null,
          1,
          0,
          null,
          null,
          1,
          11,
          null,
          null,
          1,
          null,
          1,
          53,
          52,
          49,
          48,
          null,
          null,
          null,
          null,
          null,
          null
        ]
      },
      "/app/app/lib/clean_arch/domains/community_domain/dtos/create_community_input_dto.rb": {
        "lines": [
          1,
          1,
          1,
          1,
          1,
          1,
          null,
          1,
          10,
          8,
          8,
          null,
          8,
          8,
          8,
          null,
          null,
          null,
          null,
          null,
          null
        ]
      },
      "/app/app/lib/clean_arch/domains/community_domain/dtos/community_output_dto.rb": {
        "lines": [
          1,
          1,
          1,
          1,
          1,
          1,
          null,
          1,
          18,
          18,
          18,
          18,
          18,
          18,
          null,
          null,
          1,
          null,
          6,
          null,
          null,
          null,
          null,
          null,
          null,
          null,
          null,
          null,
          null,
          null,
          null
        ]
      },
      "/app/app/lib/clean_arch/domains/domain_error.rb": {
        "lines": [
          1,
          1,
          1,
          null,
          null
        ]
      },
      "/app/app/lib/clean_arch/domains/community_domain/dtos/search_community_input_dto.rb": {
        "lines": [
          1,
          1,
          1,
          1,
          1,
          1,
          null,
          1,
          6,
          5,
          null,
          null,
          null,
          null,
          null,
          null
        ]
      },
      "/app/app/lib/clean_arch/domains/community_domain/dtos/update_community_input_dto.rb": {
        "lines": [
          1,
          1,
          1,
          1,
          1,
          1,
          null,
          1,
          6,
          6,
          6,
          6,
          6,
          null,
          null,
          null,
          null,
          null,
          null
        ]
      },
      "/app/app/lib/clean_arch/domains/community_member_domain/dtos/member_action_input_dto.rb": {
        "lines": [
          1,
          1,
          1,
          1,
          1,
          1,
          null,
          1,
          19,
          19,
          19,
          19,
          null,
          null,
          null,
          null,
          null,
          null
        ]
      },
      "/app/app/lib/clean_arch/domains/community_member_domain/dtos/community_member_output_dto.rb": {
        "lines": [
          1,
          1,
          1,
          1,
          1,
          1,
          null,
          1,
          20,
          20,
          20,
          20,
          20,
          null,
          null,
          1,
          null,
          7,
          null,
          null,
          null,
          null,
          null,
          null,
          null,
          null,
          null,
          null,
          null
        ]
      },
      "/app/app/lib/clean_arch/domains/community_member_domain/dtos/join_community_input_dto.rb": {
        "lines": [
          1,
          1,
          1,
          1,
          1,
          1,
          null,
          1,
          6,
          6,
          6,
          6,
          null,
          null,
          null,
          null,
          null,
          null
        ]
      },
      "/app/app/lib/clean_arch/domains/user_domain/value_objects/ip_address.rb": {
        "lines": [
          1,
          1,
          1,
          1,
          1,
          1,
          1,
          null,
          1,
          null,
          1,
          89,
          88,
          null,
          null,
          1,
          0,
          null,
          null,
          1,
          65,
          null,
          null,
          1,
          null,
          1,
          89,
          89,
          null,
          null,
          null,
          null,
          null,
          null
        ]
      },
      "/app/app/lib/clean_arch/domains/message_domain/dtos/message_output_dto.rb": {
        "lines": [
          1,
          1,
          1,
          1,
          1,
          1,
          null,
          null,
          1,
          65,
          65,
          65,
          65,
          65,
          65,
          65,
          65,
          65,
          null,
          null,
          1,
          null,
          46,
          null,
          null,
          null,
          null,
          null,
          null,
          null,
          null,
          null,
          null,
          null,
          null,
          null,
          null
        ]
      },
      "/app/app/lib/clean_arch/domains/message_domain/dtos/message_thread_replies_output_dto.rb": {
        "lines": [
          1,
          1,
          1,
          1,
          1,
          1,
          null,
          1,
          4,
          4,
          null,
          null,
          1,
          null,
          1,
          null,
          null,
          null,
          null,
          null,
          null,
          null,
          null
        ]
      },
      "/app/app/lib/clean_arch/domains/message_domain/dtos/post_message_input_dto.rb": {
        "lines": [
          1,
          1,
          1,
          1,
          1,
          1,
          null,
          1,
          6,
          6,
          6,
          4,
          4,
          4,
          4,
          4,
          null,
          null,
          null,
          null,
          null,
          null
        ]
      },
      "/app/app/lib/clean_arch/domains/message_domain/dtos/reply_message_input_dto.rb": {
        "lines": [
          1,
          1,
          1,
          1,
          1,
          1,
          null,
          1,
          6,
          6,
          6,
          6,
          6,
          6,
          6,
          6,
          6,
          6,
          null,
          null,
          null,
          null,
          null,
          null
        ]
      },
      "/app/app/lib/clean_arch/domains/reaction_domain/dtos/add_reaction_input_dto.rb": {
        "lines": [
          1,
          1,
          1,
          1,
          1,
          1,
          null,
          1,
          16,
          16,
          16,
          null,
          15,
          15,
          15,
          null,
          null,
          null,
          null,
          null,
          null
        ]
      },
      "/app/app/lib/clean_arch/domains/reaction_domain/dtos/reaction_output_dto.rb": {
        "lines": [
          1,
          1,
          1,
          1,
          1,
          1,
          null,
          1,
          14,
          14,
          14,
          14,
          14,
          null,
          null,
          1,
          null,
          4,
          null,
          null,
          null,
          null,
          null,
          null,
          null,
          null,
          null,
          null,
          null
        ]
      },
      "/app/app/lib/clean_arch/domains/reaction_domain/dtos/remove_reaction_input_dto.rb": {
        "lines": [
          1,
          1,
          1,
          1,
          1,
          1,
          null,
          1,
          6,
          6,
          6,
          5,
          5,
          5,
          null,
          null,
          null,
          null,
          null,
          null
        ]
      },
      "/app/app/lib/clean_arch/domains/user_domain/dtos/register_user_input_dto.rb": {
        "lines": [
          1,
          1,
          1,
          1,
          1,
          1,
          null,
          1,
          14,
          14,
          null,
          null,
          null,
          null,
          null,
          null
        ]
      },
      "/app/app/lib/clean_arch/domains/user_domain/dtos/user_output_dto.rb": {
        "lines": [
          1,
          1,
          1,
          1,
          1,
          1,
          null,
          1,
          11,
          11,
          11,
          11,
          null,
          null,
          1,
          null,
          2,
          null,
          null,
          null,
          null,
          null,
          null,
          null,
          null,
          null,
          null
        ]
      },
      "/app/app/models/user.rb": {
        "lines": [
          1,
          1,
          null,
          1,
          1,
          1,
          1,
          null
        ]
      },
      "/app/app/models/application_record.rb": {
        "lines": [
          1,
          1,
          null
        ]
      },
      "/app/app/controllers/sessions_controller.rb": {
        "lines": [
          1,
          1,
          null,
          null,
          null,
          1,
          5,
          null,
          null,
          null,
          5,
          null,
          null,
          null,
          4,
          4,
          null,
          null,
          4,
          null,
          1,
          1,
          null,
          null,
          1,
          0,
          0,
          0,
          null,
          null
        ]
      },
      "/app/app/controllers/application_controller.rb": {
        "lines": [
          1,
          null,
          1,
          1,
          null,
          1,
          null,
          1,
          46,
          null,
          0,
          0,
          null,
          null,
          null
        ]
      },
      "/app/app/lib/clean_arch/domains/user_domain/repositories/user_repository.rb": {
        "lines": [
          1,
          1,
          1,
          1,
          1,
          1,
          2,
          2,
          1,
          null,
          null,
          1,
          22,
          22,
          17,
          null,
          null,
          1,
          2,
          null,
          null,
          1,
          5,
          5,
          null,
          0,
          null,
          null,
          1,
          1,
          1,
          null,
          1,
          1,
          null,
          0,
          null,
          null,
          1,
          null,
          1,
          24,
          null,
          null,
          null,
          null,
          null,
          null,
          null,
          null,
          null,
          null,
          null
        ]
      },
      "/app/app/controllers/feeds_controller.rb": {
        "lines": [
          1,
          1,
          1,
          null,
          1,
          null,
          1,
          null,
          null,
          null,
          null,
          null,
          1,
          null,
          null,
          null,
          null,
          null,
          null
        ]
      },
      "/app/app/models/community_member.rb": {
        "lines": [
          1,
          1,
          1,
          null,
          1,
          null,
          null,
          null
        ]
      },
      "/app/app/models/community.rb": {
        "lines": [
          1,
          1,
          null,
          1,
          1,
          1,
          null
        ]
      },
      "/app/app/models/message.rb": {
        "lines": [
          1,
          1,
          1,
          1,
          1,
          1,
          null,
          1,
          null,
          null,
          null,
          null,
          null,
          null,
          null,
          null,
          null,
          null,
          1,
          1,
          null,
          1,
          null,
          1,
          88,
          null,
          null,
          1,
          1,
          null,
          null
        ]
      },
      "/app/app/controllers/users_controller.rb": {
        "lines": [
          1,
          1,
          null,
          1,
          null,
          null,
          1,
          3,
          null,
          null,
          null,
          3,
          null,
          null,
          null,
          1,
          1,
          0,
          null,
          2,
          null,
          null,
          2,
          2,
          0,
          0,
          null,
          4,
          null,
          null,
          null,
          1,
          0,
          null,
          null,
          null,
          0,
          null,
          null,
          null,
          0,
          null,
          0,
          null,
          null,
          1,
          2,
          null,
          null,
          null,
          1,
          null,
          1,
          null,
          null
        ]
      },
      "/app/app/controllers/api/v1/messages_controller.rb": {
        "lines": [
          1,
          1,
          1,
          1,
          1,
          null,
          1,
          8,
          8,
          null,
          8,
          null,
          null,
          null,
          8,
          3,
          null,
          null,
          null,
          null,
          null,
          5,
          null,
          null,
          8,
          null,
          0,
          null,
          null,
          1,
          21,
          null,
          null,
          null,
          null,
          null,
          null,
          null,
          17,
          null,
          null,
          null,
          null,
          10,
          null,
          4,
          null,
          4,
          null,
          3,
          null,
          null,
          null,
          null
        ]
      },
      "/app/app/controllers/api/v1/base_controller.rb": {
        "lines": [
          1,
          1,
          1,
          null,
          null,
          null,
          null
        ]
      },
      "/app/app/lib/clean_arch/domains/message_domain/dtos/create_message_input_dto.rb": {
        "lines": [
          1,
          1,
          1,
          1,
          1,
          1,
          null,
          1,
          17,
          17,
          17,
          17,
          null,
          17,
          17,
          17,
          17,
          17,
          null,
          null,
          null,
          null,
          null,
          null
        ]
      },
      "/app/app/lib/clean_arch/domains/message_domain/use_cases/create_message.rb": {
        "lines": [
          1,
          1,
          1,
          1,
          1,
          1,
          17,
          17,
          null,
          null,
          1,
          null,
          17,
          null,
          17,
          4,
          null,
          null,
          15,
          null,
          null,
          14,
          3,
          3,
          2,
          null,
          null,
          12,
          null,
          null,
          null,
          null,
          null,
          null,
          null,
          10,
          null,
          null,
          null,
          null,
          null,
          null
        ]
      },
      "/app/app/lib/clean_arch/domains/message_domain/repositories/message_repository.rb": {
        "lines": [
          1,
          1,
          1,
          1,
          1,
          1,
          10,
          10,
          9,
          null,
          null,
          1,
          14,
          null,
          null,
          null,
          null,
          null,
          null,
          14,
          null,
          0,
          null,
          null,
          1,
          0,
          0,
          null,
          0,
          0,
          null,
          0,
          null,
          null,
          1,
          1,
          1,
          1,
          null,
          null,
          1,
          5,
          null,
          16,
          null,
          null,
          1,
          4,
          null,
          null,
          4,
          null,
          14,
          null,
          null,
          1,
          2,
          null,
          3,
          null,
          null,
          1,
          null,
          1,
          56,
          null,
          null,
          null,
          null,
          null,
          null,
          null,
          null,
          null,
          null,
          null,
          null,
          null,
          null,
          null,
          null
        ]
      },
      "/app/app/controllers/api/v1/reactions_controller.rb": {
        "lines": [
          1,
          1,
          1,
          1,
          null,
          1,
          14,
          null,
          null,
          null,
          null,
          null,
          11,
          null,
          null,
          null,
          7,
          null,
          3,
          null,
          4,
          null,
          null,
          null,
          null
        ]
      },
      "/app/app/lib/clean_arch/domains/reaction_domain/repositories/reaction_repository.rb": {
        "lines": [
          1,
          1,
          1,
          1,
          1,
          1,
          0,
          null,
          null,
          null,
          null,
          0,
          0,
          null,
          null,
          1,
          16,
          null,
          null,
          null,
          null,
          null,
          null,
          1,
          1,
          null,
          null,
          null,
          null,
          1,
          null,
          0,
          null,
          null,
          1,
          2,
          null,
          null,
          null,
          null,
          2,
          2,
          null,
          null,
          1,
          1,
          null,
          2,
          null,
          null,
          null,
          1,
          10,
          null,
          10,
          null,
          10,
          null,
          null,
          null,
          null,
          null,
          7,
          null,
          null,
          null,
          null,
          null,
          7,
          null,
          null,
          0,
          null,
          0,
          null,
          null,
          null,
          1,
          7,
          null,
          null,
          null,
          null,
          7,
          49,
          null,
          null,
          null,
          1,
          null,
          1,
          10,
          null,
          null,
          null,
          null,
          null,
          null,
          null,
          null,
          null,
          null,
          null,
          null
        ]
      },
      "/app/app/models/reaction.rb": {
        "lines": [
          1,
          1,
          1,
          null,
          1,
          null
        ]
      },
      "/app/app/lib/clean_arch/domains/reaction_domain/dtos/reaction_summary_output_dto.rb": {
        "lines": [
          1,
          1,
          1,
          1,
          1,
          1,
          null,
          1,
          7,
          7,
          null,
          null,
          1,
          null,
          7,
          null,
          null,
          null,
          null,
          null,
          null,
          null,
          null
        ]
      },
      "/app/app/controllers/communities_controller.rb": {
        "lines": [
          null,
          null,
          1,
          null,
          1,
          1,
          1,
          null,
          1,
          1,
          null,
          null,
          null,
          1,
          null,
          1,
          1,
          2,
          null,
          null,
          null,
          1,
          4,
          null,
          4,
          4,
          null,
          null,
          null,
          null,
          null,
          3,
          null,
          null,
          null,
          1,
          null,
          null,
          null,
          null,
          null,
          null,
          null,
          null,
          null,
          1,
          1,
          0,
          0,
          null,
          null,
          null,
          null,
          null,
          null,
          1,
          0,
          null,
          null,
          2,
          null,
          null,
          3,
          3,
          0,
          null,
          null,
          null,
          null,
          null,
          null,
          3,
          0,
          null,
          null,
          null,
          0,
          0,
          0,
          null,
          null,
          6,
          null,
          null,
          null,
          1,
          2,
          null,
          null,
          null,
          null,
          null,
          2,
          null,
          null,
          null,
          1,
          null,
          1,
          null,
          null,
          1,
          2,
          null,
          null,
          null,
          2,
          null,
          null,
          null,
          1,
          null,
          1,
          null,
          null,
          1,
          null,
          1,
          null,
          1,
          0,
          null,
          null,
          null,
          1,
          null,
          null,
          null
        ]
      },
      "/app/app/lib/clean_arch/domains/community_domain/repositories/community_repository.rb": {
        "lines": [
          1,
          1,
          1,
          1,
          1,
          1,
          3,
          3,
          2,
          null,
          null,
          1,
          0,
          0,
          0,
          null,
          null,
          1,
          3,
          null,
          null,
          1,
          1,
          1,
          null,
          0,
          null,
          null,
          1,
          1,
          1,
          null,
          1,
          null,
          null,
          null,
          1,
          null,
          0,
          null,
          null,
          1,
          4,
          null,
          null,
          1,
          2,
          null,
          1,
          null,
          null,
          1,
          null,
          1,
          8,
          null,
          null,
          null,
          null,
          null,
          null,
          null,
          null,
          null,
          null,
          null,
          null,
          null
        ]
      },
      "/app/app/lib/clean_arch/domains/community_member_domain/repositories/community_member_repository.rb": {
        "lines": [
          1,
          1,
          1,
          1,
          1,
          1,
          4,
          4,
          4,
          null,
          null,
          1,
          3,
          null,
          null,
          1,
          2,
          2,
          null,
          0,
          null,
          null,
          1,
          3,
          3,
          null,
          3,
          3,
          null,
          0,
          null,
          null,
          1,
          1,
          1,
          1,
          null,
          null,
          1,
          1,
          null,
          3,
          null,
          null,
          1,
          0,
          null,
          0,
          null,
          null,
          1,
          null,
          1,
          12,
          null,
          null,
          null,
          null,
          null,
          null,
          null,
          null,
          null,
          null,
          null,
          null
        ]
      },
      "/app/app/controllers/community_members_controller.rb": {
        "lines": [
          1,
          1,
          null,
          1,
          1,
          null,
          null,
          null,
          1,
          null,
          0,
          null,
          null,
          1,
          2,
          null,
          null,
          null,
          null,
          2,
          null,
          null,
          null,
          1,
          1,
          2,
          null,
          null,
          1,
          1,
          2,
          null,
          null,
          null,
          1,
          1,
          null,
          null,
          null,
          null,
          1,
          null,
          null,
          null,
          1,
          null,
          0,
          null,
          null,
          1,
          1,
          null,
          null,
          null,
          null,
          1,
          null,
          null,
          null,
          1,
          null,
          0,
          null,
          null,
          1,
          1,
          null,
          null,
          null,
          null,
          1,
          null,
          null,
          null,
          1,
          null,
          0,
          null,
          null,
          1,
          1,
          null,
          null,
          null,
          null,
          1,
          null,
          null,
          null,
          1,
          null,
          0,
          null,
          null
        ]
      },
      "/app/app/controllers/messages_controller.rb": {
        "lines": [
          1,
          1,
          1,
          null,
          1,
          1,
          1,
          1,
          null,
          1,
          null,
          null,
          null,
          1,
          null,
          null,
          null,
          1,
          1,
          null,
          1,
          1,
          2,
          null,
          null,
          0,
          0,
          0,
          0,
          0,
          0,
          null,
          0,
          null,
          null,
          null,
          1,
          2,
          null,
          null,
          null,
          null,
          null,
          null,
          1,
          null,
          null,
          null,
          1,
          null,
          null,
          null,
          null,
          null,
          null,
          null,
          1,
          1,
          0,
          null,
          null,
          null,
          null,
          null,
          null,
          1,
          0,
          null,
          null,
          null,
          2,
          null,
          null,
          null,
          1,
          1,
          0,
          null,
          null,
          null,
          null,
          null,
          null,
          1,
          0,
          null,
          null,
          null,
          2,
          null,
          null,
          null,
          1,
          2,
          null,
          null,
          null,
          null,
          null,
          null,
          null,
          2,
          null,
          null,
          null,
          1,
          null,
          null,
          null,
          1,
          1,
          0,
          null,
          null,
          null,
          null,
          null,
          null,
          null,
          null,
          null,
          1,
          0,
          null,
          null,
          null,
          null,
          null,
          2,
          null,
          null,
          1,
          1,
          0,
          null,
          null,
          null,
          null,
          null,
          null,
          null,
          null,
          null,
          1,
          0,
          null,
          null,
          null,
          null,
          null,
          1,
          1,
          null,
          null,
          null,
          null,
          null,
          1,
          1,
          null,
          null,
          null,
          1,
          1,
          0,
          0,
          0,
          null,
          null,
          null,
          null,
          null,
          null,
          0,
          0,
          0,
          0,
          null,
          null,
          2,
          null,
          null,
          0,
          0,
          0,
          null,
          null,
          null,
          1,
          2,
          null,
          null,
          null,
          null,
          null,
          null,
          1,
          null,
          1,
          null,
          null,
          1,
          1,
          null,
          null,
          null,
          null,
          0,
          null,
          1,
          null,
          null
        ]
      },
      "/app/app/lib/clean_arch/domains/message_domain/repositories/ai_repository.rb": {
        "lines": [
          1,
          1,
          1,
          1,
          1,
          null,
          null,
          null,
          null,
          1,
          1,
          null,
          null,
          null,
          null,
          null,
          null
        ]
      },
      "/app/app/controllers/reactions_controller.rb": {
        "lines": [
          1,
          1,
          null,
          1,
          1,
          null,
          null,
          null,
          1,
          null,
          0,
          null,
          null,
          1,
          3,
          3,
          3,
          null,
          3,
          null,
          2,
          null,
          null,
          null,
          null,
          1,
          null,
          null,
          null,
          null,
          1,
          null,
          1,
          null,
          null,
          null,
          null,
          null,
          null,
          null,
          null,
          null,
          1,
          1,
          1,
          1,
          null,
          null,
          null,
          null,
          null,
          1,
          null,
          null,
          1,
          null,
          null,
          null,
          null,
          null,
          1,
          null,
          1,
          null,
          null,
          null,
          null,
          1,
          1,
          2,
          1,
          null,
          null,
          null,
          1,
          null,
          0,
          null,
          null,
          1,
          2,
          null,
          null,
          null,
          null,
          null,
          2,
          null,
          null,
          null,
          1,
          2,
          1,
          null,
          null,
          1,
          null,
          null,
          1,
          null,
          null,
          null,
          null,
          null,
          null,
          null,
          null,
          null,
          1,
          0,
          null,
          null,
          null,
          null,
          0,
          null,
          null,
          null,
          null,
          null,
          null,
          null,
          null,
          null,
          null,
          1,
          0,
          null,
          null,
          null,
          null,
          null,
          null,
          1,
          2,
          2,
          2,
          0,
          0,
          null,
          null,
          null,
          null,
          null,
          null,
          null,
          null,
          4,
          2,
          null,
          null,
          null
        ]
      },
      "/app/app/channels/application_cable/channel.rb": {
        "lines": [
          0,
          0,
          0,
          0
        ],
        "branches": {
        }
      },
      "/app/app/channels/application_cable/connection.rb": {
        "lines": [
          0,
          0,
          0,
          null,
          0,
          0,
          0,
          null,
          0,
          null,
          0,
          null,
          null,
          0,
          null,
          0,
          0,
          0,
          0
        ],
        "branches": {
        }
      },
      "/app/app/channels/community_messages_channel.rb": {
        "lines": [
          0,
          0,
          0,
          0,
          0,
          null,
          0,
          0,
          0,
          0
        ],
        "branches": {
        }
      },
      "/app/app/channels/message_reactions_channel.rb": {
        "lines": [
          0,
          0,
          0,
          0,
          0,
          null,
          0,
          0,
          0,
          0
        ],
        "branches": {
        }
      },
      "/app/app/jobs/application_job.rb": {
        "lines": [
          0,
          null,
          null,
          null,
          null,
          null,
          0
        ],
        "branches": {
        }
      },
      "/app/app/lib/clean_arch/domains/community_member_domain/use_cases/list_user_memberships.rb": {
        "lines": [
          0,
          0,
          0,
          0,
          0,
          0,
          0,
          0,
          null,
          0,
          0,
          null,
          0,
          0,
          0,
          0,
          0,
          0,
          0,
          0
        ],
        "branches": {
        }
      },
      "/app/app/mailers/application_mailer.rb": {
        "lines": [
          0,
          0,
          0,
          0
        ],
        "branches": {
        }
      }
    },
    "timestamp": 1777934509
  }
}
